#
# A fatal error has been detected by the Java Runtime Environment:
#
#  SIGSEGV (0xb) at pc=0x0000000194ba8b33, pid=811, tid=0x000000000000981f
#
# JRE version: Java(TM) SE Runtime Environment (8.0_241-b07) (build 1.8.0_241-b07)
# Java VM: Java HotSpot(TM) 64-Bit Server VM (25.241-b07 mixed mode bsd-amd64 compressed oops)
# Problematic frame:
# C  [libopencv_core.4.1.dylib+0x2edb33]  cv::va_intel::convertFromVASurface(void*, unsigned int, cv::Size_<int>, cv::_OutputArray const&)+0x4e533
#
# Failed to write core dump. Core dumps have been disabled. To enable core dumping, try "ulimit -c unlimited" before starting Java again
#
# If you would like to submit a bug report, please visit:
#   http://bugreport.java.com/bugreport/crash.jsp
# The crash happened outside the Java Virtual Machine in native code.
# See problematic frame for where to report the bug.
#

---------------  T H R E A D  ---------------

Current thread (0x00007ffab1187000):  JavaThread "AWT-EventQueue-0" [_thread_in_native, id=38943, stack(0x000070000648a000,0x000070000658a000)]

siginfo: si_signo: 11 (SIGSEGV), si_code: 1 (SEGV_MAPERR), si_addr: 0x000000016f3d6000

Registers:
RAX=0x000000000006e000, RBX=0x000000016f368000, RCX=0x0000000000000000, RDX=0x00000000000802c0
RSP=0x0000700006584e00, RBP=0x0000700006584e70, RSI=0x000000000006e000, RDI=0x0000000195eb3000
R8 =0x00000000000802d0, R9 =0x00000000000009d0, R10=0x0000000000000001, R11=0x0000000000000000
R12=0x0000000000000274, R13=0x000000016f368000, R14=0x00000000000009d0, R15=0x0000000195eb3000
RIP=0x0000000194ba8b33, EFLAGS=0x0000000000010283, ERR=0x0000000000000004
  TRAPNO=0x000000000000000e

Top of Stack: (sp=0x0000700006584e00)
0x0000700006584e00:   0000700006587150 0000000000000000
0x0000700006584e10:   0000700000000000 00000000000802cf
0x0000700006584e20:   000000016f368000 0000000000200b40
0x0000700006584e30:   00000000000009d0 0000000000000001
0x0000700006584e40:   0000000000000274 0000000000000005
0x0000700006584e50:   0000000000000001 0000000000000005
0x0000700006584e60:   0000000194ba8a10 0000000000000001
0x0000700006584e70:   0000700006585050 000000019494d425
0x0000700006584e80:   0000700006584f00 0000700006585010
0x0000700006584e90:   0000000000000000 0000000000000000
0x0000700006584ea0:   0000000000000000 0000000000000000
0x0000700006584eb0:   0000000000000000 0000000000000000
0x0000700006584ec0:   0000000000000000 0000000000000000
0x0000700006584ed0:   0000000000000000 0000000000000000
0x0000700006584ee0:   0000000000000000 0000000000000000
0x0000700006584ef0:   0000000000000000 0000034400000274
0x0000700006584f00:   00000001000802d0 0000000000000000
0x0000700006584f10:   3ff0000000000000 0000000242ff4001
0x0000700006584f20:   0000027400000344 000000016f368000
0x0000700006584f30:   000000016f368000 000000016f3e82d0
0x0000700006584f40:   000000016f3e82d0 0000000000000000
0x0000700006584f50:   0000000000000000 0000700006584f20
0x0000700006584f60:   0000700006584f68 0000000000000274
0x0000700006584f70:   0000000000000001 0000000242ff4005
0x0000700006584f80:   0000027400000344 0000000195eb3000
0x0000700006584f90:   0000000195eb3000 00000001960b3b40
0x0000700006584fa0:   00000001960b3b40 0000000000000000
0x0000700006584fb0:   00007ffab49e7340 0000700006584f80
0x0000700006584fc0:   0000700006584fc8 00000000000009d0
0x0000700006584fd0:   0000000000000004 06584e0106587460
0x0000700006584fe0:   0000700006585050 0000000194a5780a
0x0000700006584ff0:   00000001000802d0 00000000000001a2 

Instructions: (pc=0x0000000194ba8b33)
0x0000000194ba8b13:   74 5b 31 f6 66 0f 1f 84 00 00 00 00 00 39 d6 7e
0x0000000194ba8b23:   0c 31 c0 85 f6 89 d6 0f 84 90 00 00 00 48 63 f6
0x0000000194ba8b33:   c4 e2 7d 20 04 33 c4 e2 7d 23 c8 c4 e3 7d 39 c0
0x0000000194ba8b43:   01 c4 e2 7d 23 c0 c5 fc 5b c9 c5 fc 5b c0 c5 fc 

Register to memory mapping:

RAX=0x000000000006e000 is an unknown value
RBX=0x000000016f368000: __dso_handle+0 in /Users/prakash/.javacpp/cache/opencv-4.1.2-1.5.2-macosx-x86_64.jar/org/bytedeco/opencv/macosx-x86_64/libjniopencv_features2d.dylib at 0x000000016f368000
RCX=0x0000000000000000 is an unknown value
RDX=0x00000000000802c0 is an unknown value
RSP=0x0000700006584e00 is pointing into the stack for thread: 0x00007ffab1187000
RBP=0x0000700006584e70 is pointing into the stack for thread: 0x00007ffab1187000
RSI=0x000000000006e000 is an unknown value
RDI=0x0000000195eb3000 is an unknown value
R8 =0x00000000000802d0 is an unknown value
R9 =0x00000000000009d0 is an unknown value
R10=0x0000000000000001 is an unknown value
R11=0x0000000000000000 is an unknown value
R12=0x0000000000000274 is an unknown value
R13=0x000000016f368000: __dso_handle+0 in /Users/prakash/.javacpp/cache/opencv-4.1.2-1.5.2-macosx-x86_64.jar/org/bytedeco/opencv/macosx-x86_64/libjniopencv_features2d.dylib at 0x000000016f368000
R14=0x00000000000009d0 is an unknown value
R15=0x0000000195eb3000 is an unknown value


Stack: [0x000070000648a000,0x000070000658a000],  sp=0x0000700006584e00,  free space=1003k
Native frames: (J=compiled Java code, j=interpreted, Vv=VM code, C=native code)
C  [libopencv_core.4.1.dylib+0x2edb33]  cv::va_intel::convertFromVASurface(void*, unsigned int, cv::Size_<int>, cv::_OutputArray const&)+0x4e533
C  [libopencv_core.4.1.dylib+0x92425]  cv::Mat::convertTo(cv::_OutputArray const&, int, double, double) const+0x4d5
C  [libopencv_video.4.1.dylib+0x3c319]  cv::FarnebackOpticalFlow::create(int, double, bool, int, int, int, double, int)+0x1059
C  [libjniopencv_video.dylib+0x11398]  Java_org_bytedeco_opencv_opencv_1video_DenseOpticalFlow_calc__Lorg_bytedeco_opencv_opencv_1core_Mat_2Lorg_bytedeco_opencv_opencv_1core_Mat_2Lorg_bytedeco_opencv_opencv_1core_Mat_2+0x1c8
j  org.bytedeco.opencv.opencv_video.DenseOpticalFlow.calc(Lorg/bytedeco/opencv/opencv_core/Mat;Lorg/bytedeco/opencv/opencv_core/Mat;Lorg/bytedeco/opencv/opencv_core/Mat;)V+0
j  de.csbd.learnathon.command.FlowComputation.computeOpticalFlowFernback(Lnet/imglib2/RandomAccessibleInterval;IDZIIIDI)Ljava/util/List;+142
j  de.csbd.learnathon.command.PunctaPickerModel.processOpticalFlowFernback(IDZIIIDI)Ljava/util/List;+22
j  de.csbd.learnathon.command.PunctaPickerView$24.flowComputation(Ljava/lang/String;)V+124
j  de.csbd.learnathon.command.PunctaPickerView$24.actionPerformed(Ljava/awt/event/ActionEvent;)V+128
j  javax.swing.AbstractButton.fireActionPerformed(Ljava/awt/event/ActionEvent;)V+83
j  javax.swing.AbstractButton$Handler.actionPerformed(Ljava/awt/event/ActionEvent;)V+5
j  javax.swing.DefaultButtonModel.fireActionPerformed(Ljava/awt/event/ActionEvent;)V+34
j  javax.swing.DefaultButtonModel.setPressed(Z)V+117
j  javax.swing.plaf.basic.BasicButtonListener.mouseReleased(Ljava/awt/event/MouseEvent;)V+35
j  java.awt.Component.processMouseEvent(Ljava/awt/event/MouseEvent;)V+64
j  javax.swing.JComponent.processMouseEvent(Ljava/awt/event/MouseEvent;)V+23
J 4184 C1 java.awt.Component.processEvent(Ljava/awt/AWTEvent;)V (220 bytes) @ 0x000000011697989c [0x0000000116979380+0x51c]
J 4221 C1 java.awt.Container.processEvent(Ljava/awt/AWTEvent;)V (22 bytes) @ 0x00000001169a0f04 [0x00000001169a0be0+0x324]
J 4058 C1 java.awt.Component.dispatchEventImpl(Ljava/awt/AWTEvent;)V (921 bytes) @ 0x00000001168ecdd4 [0x00000001168e78c0+0x5514]
J 4187 C1 java.awt.Container.dispatchEventImpl(Ljava/awt/AWTEvent;)V (129 bytes) @ 0x000000011697549c [0x0000000116975360+0x13c]
J 6798 C1 java.awt.LightweightDispatcher.retargetMouseEvent(Ljava/awt/Component;ILjava/awt/event/MouseEvent;)V (372 bytes) @ 0x000000011723c0ec [0x0000000117239ae0+0x260c]
J 6712 C1 java.awt.LightweightDispatcher.processMouseEvent(Ljava/awt/event/MouseEvent;)Z (286 bytes) @ 0x0000000116562dcc [0x00000001165616c0+0x170c]
J 6672 C1 java.awt.LightweightDispatcher.dispatchEvent(Ljava/awt/AWTEvent;)Z (73 bytes) @ 0x000000011666ccb4 [0x000000011666c880+0x434]
J 4187 C1 java.awt.Container.dispatchEventImpl(Ljava/awt/AWTEvent;)V (129 bytes) @ 0x000000011697543c [0x0000000116975360+0xdc]
J 6684 C1 java.awt.Window.dispatchEventImpl(Ljava/awt/AWTEvent;)V (23 bytes) @ 0x0000000116a1e94c [0x0000000116a1e360+0x5ec]
J 6597 C2 java.awt.EventQueue$3.run()Ljava/lang/Object; (5 bytes) @ 0x00000001171d73f8 [0x00000001171d7040+0x3b8]
v  ~StubRoutines::call_stub
V  [libjvm.dylib+0x2f1b06]  JavaCalls::call_helper(JavaValue*, methodHandle*, JavaCallArguments*, Thread*)+0x6ae
V  [libjvm.dylib+0x3523f6]  JVM_DoPrivileged+0x4b8
J 1693  java.security.AccessController.doPrivileged(Ljava/security/PrivilegedAction;Ljava/security/AccessControlContext;)Ljava/lang/Object; (0 bytes) @ 0x0000000116453895 [0x00000001164537c0+0xd5]
J 4197 C1 java.awt.EventQueue$4.run()Ljava/lang/Object; (5 bytes) @ 0x0000000116977af4 [0x0000000116977700+0x3f4]
v  ~StubRoutines::call_stub
V  [libjvm.dylib+0x2f1b06]  JavaCalls::call_helper(JavaValue*, methodHandle*, JavaCallArguments*, Thread*)+0x6ae
V  [libjvm.dylib+0x3523f6]  JVM_DoPrivileged+0x4b8
J 1693  java.security.AccessController.doPrivileged(Ljava/security/PrivilegedAction;Ljava/security/AccessControlContext;)Ljava/lang/Object; (0 bytes) @ 0x0000000116453895 [0x00000001164537c0+0xd5]
J 6601 C2 java.awt.EventDispatchThread.pumpOneEventForFilters(I)V (190 bytes) @ 0x00000001171dec68 [0x00000001171de3c0+0x8a8]
j  java.awt.EventDispatchThread.pumpEventsForFilter(ILjava/awt/Conditional;Ljava/awt/EventFilter;)V+35
j  java.awt.EventDispatchThread.pumpEventsForHierarchy(ILjava/awt/Conditional;Ljava/awt/Component;)V+11
j  java.awt.EventDispatchThread.pumpEvents(ILjava/awt/Conditional;)V+4
j  java.awt.EventDispatchThread.pumpEvents(Ljava/awt/Conditional;)V+3
j  java.awt.EventDispatchThread.run()V+9
v  ~StubRoutines::call_stub
V  [libjvm.dylib+0x2f1b06]  JavaCalls::call_helper(JavaValue*, methodHandle*, JavaCallArguments*, Thread*)+0x6ae
V  [libjvm.dylib+0x2f22aa]  JavaCalls::call_virtual(JavaValue*, KlassHandle, Symbol*, Symbol*, JavaCallArguments*, Thread*)+0x164
V  [libjvm.dylib+0x2f2456]  JavaCalls::call_virtual(JavaValue*, Handle, KlassHandle, Symbol*, Symbol*, Thread*)+0x4a
V  [libjvm.dylib+0x34cd45]  thread_entry(JavaThread*, Thread*)+0x7c
V  [libjvm.dylib+0x576b93]  JavaThread::thread_main_inner()+0x9b
V  [libjvm.dylib+0x57828e]  JavaThread::run()+0x1c2
V  [libjvm.dylib+0x490b86]  java_start(Thread*)+0xf6
C  [libsystem_pthread.dylib+0x6109]  _pthread_start+0x94
C  [libsystem_pthread.dylib+0x1b8b]  thread_start+0xf
C  0x0000000000000000

Java frames: (J=compiled Java code, j=interpreted, Vv=VM code)
j  org.bytedeco.opencv.opencv_video.DenseOpticalFlow.calc(Lorg/bytedeco/opencv/opencv_core/Mat;Lorg/bytedeco/opencv/opencv_core/Mat;Lorg/bytedeco/opencv/opencv_core/Mat;)V+0
j  de.csbd.learnathon.command.FlowComputation.computeOpticalFlowFernback(Lnet/imglib2/RandomAccessibleInterval;IDZIIIDI)Ljava/util/List;+142
j  de.csbd.learnathon.command.PunctaPickerModel.processOpticalFlowFernback(IDZIIIDI)Ljava/util/List;+22
j  de.csbd.learnathon.command.PunctaPickerView$24.flowComputation(Ljava/lang/String;)V+124
j  de.csbd.learnathon.command.PunctaPickerView$24.actionPerformed(Ljava/awt/event/ActionEvent;)V+128
j  javax.swing.AbstractButton.fireActionPerformed(Ljava/awt/event/ActionEvent;)V+83
j  javax.swing.AbstractButton$Handler.actionPerformed(Ljava/awt/event/ActionEvent;)V+5
j  javax.swing.DefaultButtonModel.fireActionPerformed(Ljava/awt/event/ActionEvent;)V+34
j  javax.swing.DefaultButtonModel.setPressed(Z)V+117
j  javax.swing.plaf.basic.BasicButtonListener.mouseReleased(Ljava/awt/event/MouseEvent;)V+35
j  java.awt.Component.processMouseEvent(Ljava/awt/event/MouseEvent;)V+64
j  javax.swing.JComponent.processMouseEvent(Ljava/awt/event/MouseEvent;)V+23
J 4184 C1 java.awt.Component.processEvent(Ljava/awt/AWTEvent;)V (220 bytes) @ 0x000000011697989c [0x0000000116979380+0x51c]
J 4221 C1 java.awt.Container.processEvent(Ljava/awt/AWTEvent;)V (22 bytes) @ 0x00000001169a0f04 [0x00000001169a0be0+0x324]
J 4058 C1 java.awt.Component.dispatchEventImpl(Ljava/awt/AWTEvent;)V (921 bytes) @ 0x00000001168ecdd4 [0x00000001168e78c0+0x5514]
J 4187 C1 java.awt.Container.dispatchEventImpl(Ljava/awt/AWTEvent;)V (129 bytes) @ 0x000000011697549c [0x0000000116975360+0x13c]
J 6798 C1 java.awt.LightweightDispatcher.retargetMouseEvent(Ljava/awt/Component;ILjava/awt/event/MouseEvent;)V (372 bytes) @ 0x000000011723c0ec [0x0000000117239ae0+0x260c]
J 6712 C1 java.awt.LightweightDispatcher.processMouseEvent(Ljava/awt/event/MouseEvent;)Z (286 bytes) @ 0x0000000116562dcc [0x00000001165616c0+0x170c]
J 6672 C1 java.awt.LightweightDispatcher.dispatchEvent(Ljava/awt/AWTEvent;)Z (73 bytes) @ 0x000000011666ccb4 [0x000000011666c880+0x434]
J 4187 C1 java.awt.Container.dispatchEventImpl(Ljava/awt/AWTEvent;)V (129 bytes) @ 0x000000011697543c [0x0000000116975360+0xdc]
J 6684 C1 java.awt.Window.dispatchEventImpl(Ljava/awt/AWTEvent;)V (23 bytes) @ 0x0000000116a1e94c [0x0000000116a1e360+0x5ec]
J 6597 C2 java.awt.EventQueue$3.run()Ljava/lang/Object; (5 bytes) @ 0x00000001171d73f8 [0x00000001171d7040+0x3b8]
v  ~StubRoutines::call_stub
J 1693  java.security.AccessController.doPrivileged(Ljava/security/PrivilegedAction;Ljava/security/AccessControlContext;)Ljava/lang/Object; (0 bytes) @ 0x0000000116453823 [0x00000001164537c0+0x63]
J 4197 C1 java.awt.EventQueue$4.run()Ljava/lang/Object; (5 bytes) @ 0x0000000116977af4 [0x0000000116977700+0x3f4]
v  ~StubRoutines::call_stub
J 1693  java.security.AccessController.doPrivileged(Ljava/security/PrivilegedAction;Ljava/security/AccessControlContext;)Ljava/lang/Object; (0 bytes) @ 0x0000000116453823 [0x00000001164537c0+0x63]
J 6601 C2 java.awt.EventDispatchThread.pumpOneEventForFilters(I)V (190 bytes) @ 0x00000001171dec68 [0x00000001171de3c0+0x8a8]
j  java.awt.EventDispatchThread.pumpEventsForFilter(ILjava/awt/Conditional;Ljava/awt/EventFilter;)V+35
j  java.awt.EventDispatchThread.pumpEventsForHierarchy(ILjava/awt/Conditional;Ljava/awt/Component;)V+11
j  java.awt.EventDispatchThread.pumpEvents(ILjava/awt/Conditional;)V+4
j  java.awt.EventDispatchThread.pumpEvents(Ljava/awt/Conditional;)V+3
j  java.awt.EventDispatchThread.run()V+9
v  ~StubRoutines::call_stub

---------------  P R O C E S S  ---------------

Java Threads: ( => current thread )
  0x00007ffab16a0800 JavaThread "JavaCPP Deallocator" daemon [_thread_blocked, id=68851, stack(0x00007000061fb000,0x00007000062fb000)]
  0x00007ffab336a000 JavaThread "bdv-panel-1-thread-3" daemon [_thread_blocked, id=87815, stack(0x0000700007337000,0x0000700007437000)]
  0x00007ffab2c75000 JavaThread "bdv-panel-1-thread-2" daemon [_thread_blocked, id=130307, stack(0x0000700006f2b000,0x000070000702b000)]
  0x00007ffab2c74000 JavaThread "bdv-panel-1-thread-1" daemon [_thread_blocked, id=130883, stack(0x0000700006e28000,0x0000700006f28000)]
  0x00007ffaae41d800 JavaThread "TimerQueue" daemon [_thread_blocked, id=62515, stack(0x0000700006d25000,0x0000700006e25000)]
  0x00007ffab118f800 JavaThread "PainterThread" daemon [_thread_blocked, id=60955, stack(0x0000700006c22000,0x0000700006d22000)]
  0x00007ffab3009000 JavaThread "SciJava-24a04585-Thread-8" [_thread_blocked, id=64515, stack(0x0000700007234000,0x0000700007334000)]
  0x00007ffab3008800 JavaThread "SciJava-24a04585-Thread-7" [_thread_blocked, id=65795, stack(0x0000700007131000,0x0000700007231000)]
  0x00007ffab2879800 JavaThread "SciJava-24a04585-Thread-6" [_thread_blocked, id=67083, stack(0x000070000702e000,0x000070000712e000)]
  0x00007ffaaf596000 JavaThread "DestroyJavaVM" [_thread_blocked, id=3331, stack(0x0000700005042000,0x0000700005142000)]
  0x00007ffab286d800 JavaThread "zSelector" [_thread_blocked, id=63027, stack(0x0000700006b1f000,0x0000700006c1f000)]
  0x00007ffaaeee0000 JavaThread "SciJava-24a04585-Thread-1" [_thread_blocked, id=33803, stack(0x0000700006a1c000,0x0000700006b1c000)]
=>0x00007ffab1187000 JavaThread "AWT-EventQueue-0" [_thread_in_native, id=38943, stack(0x000070000648a000,0x000070000658a000)]
  0x00007ffab142b000 JavaThread "AWT-Shutdown" [_thread_blocked, id=47155, stack(0x00007000060f8000,0x00007000061f8000)]
  0x00007ffab1122000 JavaThread "Java2D Disposer" daemon [_thread_blocked, id=74003, stack(0x0000700006793000,0x0000700006893000)]
  0x00007ffab10ac800 JavaThread "Java2D Queue Flusher" daemon [_thread_blocked, id=55315, stack(0x0000700006690000,0x0000700006790000)]
  0x00007ffaaed6e800 JavaThread "SciJava-24a04585-Thread-0" [_thread_blocked, id=78095, stack(0x000070000658d000,0x000070000668d000)]
  0x00007ffaae54f000 JavaThread "AppKit Thread" daemon [_thread_in_native, id=775, stack(0x00007ffee772a000,0x00007ffee7f2a000)]
  0x00007ffaaeba4800 JavaThread "Timer-0" daemon [_thread_blocked, id=15619, stack(0x0000700005f72000,0x0000700006072000)]
  0x00007ffaad829000 JavaThread "Service Thread" daemon [_thread_blocked, id=18691, stack(0x0000700005d6c000,0x0000700005e6c000)]
  0x00007ffaad828800 JavaThread "C1 CompilerThread2" daemon [_thread_blocked, id=14851, stack(0x0000700005c69000,0x0000700005d69000)]
  0x00007ffaaf060800 JavaThread "C2 CompilerThread1" daemon [_thread_blocked, id=14595, stack(0x0000700005b66000,0x0000700005c66000)]
  0x00007ffaaf057000 JavaThread "C2 CompilerThread0" daemon [_thread_blocked, id=14083, stack(0x0000700005a63000,0x0000700005b63000)]
  0x00007ffaae824000 JavaThread "Signal Dispatcher" daemon [_thread_blocked, id=19203, stack(0x0000700005960000,0x0000700005a60000)]
  0x00007ffaaf034000 JavaThread "Finalizer" daemon [_thread_blocked, id=21251, stack(0x0000700005757000,0x0000700005857000)]
  0x00007ffaae81c800 JavaThread "Reference Handler" daemon [_thread_blocked, id=11523, stack(0x0000700005654000,0x0000700005754000)]

Other Threads:
  0x00007ffaae817800 VMThread [stack: 0x0000700005551000,0x0000700005651000] [id=11267]
  0x00007ffaae823000 WatcherThread [stack: 0x0000700005e6f000,0x0000700005f6f000] [id=15363]

VM state:not at safepoint (normal execution)

VM Mutex/Monitor currently owned by a thread: None

heap address: 0x00000006c0000000, size: 4096 MB, Compressed Oops mode: Zero based, Oop shift amount: 3
Narrow klass base: 0x0000000000000000, Narrow klass shift: 3
Compressed class space size: 1073741824 Address: 0x00000007c0000000

Heap:
 PSYoungGen      total 749568K, used 78648K [0x000000076ab00000, 0x000000079b480000, 0x00000007c0000000)
  eden space 725504K, 9% used [0x000000076ab00000,0x000000076ef9c9d0,0x0000000796f80000)
  from space 24064K, 34% used [0x0000000799d00000,0x000000079a531910,0x000000079b480000)
  to   space 35328K, 0% used [0x0000000796f80000,0x0000000796f80000,0x0000000799200000)
 ParOldGen       total 157696K, used 39497K [0x00000006c0000000, 0x00000006c9a00000, 0x000000076ab00000)
  object space 157696K, 25% used [0x00000006c0000000,0x00000006c2692580,0x00000006c9a00000)
 Metaspace       used 46892K, capacity 47919K, committed 48256K, reserved 1091584K
  class space    used 6197K, capacity 6420K, committed 6528K, reserved 1048576K

Card table byte_map: [0x000000010997e000,0x000000010a17f000] byte_map_base: 0x000000010637e000

Marking Bits: (ParMarkBitMap*) 0x0000000108f01f80
 Begin Bits: [0x000000010a6d5000, 0x000000010e6d5000)
 End Bits:   [0x000000010e6d5000, 0x00000001126d5000)

Polling page: 0x0000000107d47000

CodeCache: size=245760Kb used=22377Kb max_used=22379Kb free=223382Kb
 bounds [0x0000000115ec6000, 0x00000001174c6000, 0x0000000124ec6000]
 total_blobs=7528 nmethods=6250 adapters=1189
 compilation: enabled

Compilation events (10 events):
Event: 29.842 Thread 0x00007ffaaf060800 7137       4       java.util.regex.Pattern$LastNode::match (45 bytes)
Event: 29.843 Thread 0x00007ffaaf060800 nmethod 7137 0x000000011745db90 code [0x000000011745dce0, 0x000000011745ddb8]
Event: 29.864 Thread 0x00007ffaad828800 7138       1       sun.nio.fs.NativeBuffer::address (5 bytes)
Event: 29.864 Thread 0x00007ffaad828800 nmethod 7138 0x0000000117462cd0 code [0x0000000117462e20, 0x0000000117462f30]
Event: 29.882 Thread 0x00007ffaad828800 7139       3       sun.net.www.protocol.jar.JarURLConnection::getJarFile (9 bytes)
Event: 29.882 Thread 0x00007ffaad828800 nmethod 7139 0x0000000117462910 code [0x0000000117462a80, 0x0000000117462c28]
Event: 29.893 Thread 0x00007ffaad828800 7140       3       sun.nio.fs.NativeBuffers::copyCStringToNativeBuffer (67 bytes)
Event: 29.893 Thread 0x00007ffaad828800 nmethod 7140 0x00000001174622d0 code [0x0000000117462460, 0x0000000117462788]
Event: 29.893 Thread 0x00007ffaad828800 7141       3       org.bytedeco.javacpp.ClassProperties::getProperty (7 bytes)
Event: 29.893 Thread 0x00007ffaad828800 nmethod 7141 0x0000000117465610 code [0x0000000117465860, 0x00000001174665d8]

GC Heap History (10 events):
Event: 27.025 GC heap before
{Heap before GC invocations=12 (full 2):
 PSYoungGen      total 411648K, used 404347K [0x000000076ab00000, 0x000000078d300000, 0x00000007c0000000)
  eden space 378368K, 100% used [0x000000076ab00000,0x0000000781c80000,0x0000000781c80000)
  from space 33280K, 78% used [0x0000000781c80000,0x00000007835def68,0x0000000783d00000)
  to   space 34304K, 0% used [0x000000078b180000,0x000000078b180000,0x000000078d300000)
 ParOldGen       total 157696K, used 28396K [0x00000006c0000000, 0x00000006c9a00000, 0x000000076ab00000)
  object space 157696K, 18% used [0x00000006c0000000,0x00000006c1bbb3e8,0x00000006c9a00000)
 Metaspace       used 45757K, capacity 46775K, committed 47104K, reserved 1089536K
  class space    used 6101K, capacity 6320K, committed 6400K, reserved 1048576K
Event: 27.031 GC heap after
Heap after GC invocations=12 (full 2):
 PSYoungGen      total 518656K, used 8252K [0x000000076ab00000, 0x000000078ce00000, 0x00000007c0000000)
  eden space 489472K, 0% used [0x000000076ab00000,0x000000076ab00000,0x0000000788900000)
  from space 29184K, 28% used [0x000000078b180000,0x000000078b98f1d0,0x000000078ce00000)
  to   space 35328K, 0% used [0x0000000788900000,0x0000000788900000,0x000000078ab80000)
 ParOldGen       total 157696K, used 39433K [0x00000006c0000000, 0x00000006c9a00000, 0x000000076ab00000)
  object space 157696K, 25% used [0x00000006c0000000,0x00000006c2682580,0x00000006c9a00000)
 Metaspace       used 45757K, capacity 46775K, committed 47104K, reserved 1089536K
  class space    used 6101K, capacity 6320K, committed 6400K, reserved 1048576K
}
Event: 27.689 GC heap before
{Heap before GC invocations=13 (full 2):
 PSYoungGen      total 518656K, used 497724K [0x000000076ab00000, 0x000000078ce00000, 0x00000007c0000000)
  eden space 489472K, 100% used [0x000000076ab00000,0x0000000788900000,0x0000000788900000)
  from space 29184K, 28% used [0x000000078b180000,0x000000078b98f1d0,0x000000078ce00000)
  to   space 35328K, 0% used [0x0000000788900000,0x0000000788900000,0x000000078ab80000)
 ParOldGen       total 157696K, used 39433K [0x00000006c0000000, 0x00000006c9a00000, 0x000000076ab00000)
  object space 157696K, 25% used [0x00000006c0000000,0x00000006c2682580,0x00000006c9a00000)
 Metaspace       used 46106K, capacity 47101K, committed 47360K, reserved 1089536K
  class space    used 6108K, capacity 6321K, committed 6400K, reserved 1048576K
Event: 27.693 GC heap after
Heap after GC invocations=13 (full 2):
 PSYoungGen      total 524800K, used 7967K [0x000000076ab00000, 0x0000000794d00000, 0x00000007c0000000)
  eden space 489472K, 0% used [0x000000076ab00000,0x000000076ab00000,0x0000000788900000)
  from space 35328K, 22% used [0x0000000788900000,0x00000007890c7c80,0x000000078ab80000)
  to   space 35840K, 0% used [0x0000000792a00000,0x0000000792a00000,0x0000000794d00000)
 ParOldGen       total 157696K, used 39473K [0x00000006c0000000, 0x00000006c9a00000, 0x000000076ab00000)
  object space 157696K, 25% used [0x00000006c0000000,0x00000006c268c580,0x00000006c9a00000)
 Metaspace       used 46106K, capacity 47101K, committed 47360K, reserved 1089536K
  class space    used 6108K, capacity 6321K, committed 6400K, reserved 1048576K
}
Event: 28.307 GC heap before
{Heap before GC invocations=14 (full 2):
 PSYoungGen      total 524800K, used 497439K [0x000000076ab00000, 0x0000000794d00000, 0x00000007c0000000)
  eden space 489472K, 100% used [0x000000076ab00000,0x0000000788900000,0x0000000788900000)
  from space 35328K, 22% used [0x0000000788900000,0x00000007890c7c80,0x000000078ab80000)
  to   space 35840K, 0% used [0x0000000792a00000,0x0000000792a00000,0x0000000794d00000)
 ParOldGen       total 157696K, used 39473K [0x00000006c0000000, 0x00000006c9a00000, 0x000000076ab00000)
  object space 157696K, 25% used [0x00000006c0000000,0x00000006c268c580,0x00000006c9a00000)
 Metaspace       used 46371K, capacity 47325K, committed 47616K, reserved 1091584K
  class space    used 6137K, capacity 6353K, committed 6400K, reserved 1048576K
Event: 28.312 GC heap after
Heap after GC invocations=14 (full 2):
 PSYoungGen      total 631808K, used 8460K [0x000000076ab00000, 0x0000000794200000, 0x00000007c0000000)
  eden space 607232K, 0% used [0x000000076ab00000,0x000000076ab00000,0x000000078fc00000)
  from space 24576K, 34% used [0x0000000792a00000,0x0000000793243168,0x0000000794200000)
  to   space 35840K, 0% used [0x000000078fc00000,0x000000078fc00000,0x0000000791f00000)
 ParOldGen       total 157696K, used 39481K [0x00000006c0000000, 0x00000006c9a00000, 0x000000076ab00000)
  object space 157696K, 25% used [0x00000006c0000000,0x00000006c268e580,0x00000006c9a00000)
 Metaspace       used 46371K, capacity 47325K, committed 47616K, reserved 1091584K
  class space    used 6137K, capacity 6353K, committed 6400K, reserved 1048576K
}
Event: 29.106 GC heap before
{Heap before GC invocations=15 (full 2):
 PSYoungGen      total 631808K, used 615692K [0x000000076ab00000, 0x0000000794200000, 0x00000007c0000000)
  eden space 607232K, 100% used [0x000000076ab00000,0x000000078fc00000,0x000000078fc00000)
  from space 24576K, 34% used [0x0000000792a00000,0x0000000793243168,0x0000000794200000)
  to   space 35840K, 0% used [0x000000078fc00000,0x000000078fc00000,0x0000000791f00000)
 ParOldGen       total 157696K, used 39481K [0x00000006c0000000, 0x00000006c9a00000, 0x000000076ab00000)
  object space 157696K, 25% used [0x00000006c0000000,0x00000006c268e580,0x00000006c9a00000)
 Metaspace       used 46761K, capacity 47727K, committed 48000K, reserved 1091584K
  class space    used 6183K, capacity 6420K, committed 6528K, reserved 1048576K
Event: 29.110 GC heap after
Heap after GC invocations=15 (full 2):
 PSYoungGen      total 643072K, used 8177K [0x000000076ab00000, 0x000000079bf80000, 0x00000007c0000000)
  eden space 607232K, 0% used [0x000000076ab00000,0x000000076ab00000,0x000000078fc00000)
  from space 35840K, 22% used [0x000000078fc00000,0x00000007903fc400,0x0000000791f00000)
  to   space 35328K, 0% used [0x0000000799d00000,0x0000000799d00000,0x000000079bf80000)
 ParOldGen       total 157696K, used 39489K [0x00000006c0000000, 0x00000006c9a00000, 0x000000076ab00000)
  object space 157696K, 25% used [0x00000006c0000000,0x00000006c2690580,0x00000006c9a00000)
 Metaspace       used 46761K, capacity 47727K, committed 48000K, reserved 1091584K
  class space    used 6183K, capacity 6420K, committed 6528K, reserved 1048576K
}
Event: 29.836 GC heap before
{Heap before GC invocations=16 (full 2):
 PSYoungGen      total 643072K, used 615409K [0x000000076ab00000, 0x000000079bf80000, 0x00000007c0000000)
  eden space 607232K, 100% used [0x000000076ab00000,0x000000078fc00000,0x000000078fc00000)
  from space 35840K, 22% used [0x000000078fc00000,0x00000007903fc400,0x0000000791f00000)
  to   space 35328K, 0% used [0x0000000799d00000,0x0000000799d00000,0x000000079bf80000)
 ParOldGen       total 157696K, used 39489K [0x00000006c0000000, 0x00000006c9a00000, 0x000000076ab00000)
  object space 157696K, 25% used [0x00000006c0000000,0x00000006c2690580,0x00000006c9a00000)
 Metaspace       used 46891K, capacity 47919K, committed 48256K, reserved 1091584K
  class space    used 6197K, capacity 6420K, committed 6528K, reserved 1048576K
Event: 29.840 GC heap after
Heap after GC invocations=16 (full 2):
 PSYoungGen      total 749568K, used 8390K [0x000000076ab00000, 0x000000079b480000, 0x00000007c0000000)
  eden space 725504K, 0% used [0x000000076ab00000,0x000000076ab00000,0x0000000796f80000)
  from space 24064K, 34% used [0x0000000799d00000,0x000000079a531910,0x000000079b480000)
  to   space 35328K, 0% used [0x0000000796f80000,0x0000000796f80000,0x0000000799200000)
 ParOldGen       total 157696K, used 39497K [0x00000006c0000000, 0x00000006c9a00000, 0x000000076ab00000)
  object space 157696K, 25% used [0x00000006c0000000,0x00000006c2692580,0x00000006c9a00000)
 Metaspace       used 46891K, capacity 47919K, committed 48256K, reserved 1091584K
  class space    used 6197K, capacity 6420K, committed 6528K, reserved 1048576K
}

Deoptimization events (10 events):
Event: 23.986 Thread 0x00007ffab1187000 Uncommon trap: reason=unstable_if action=reinterpret pc=0x00000001171680e4 method=java.awt.Container.findComponentAtImpl(IIZ)Ljava/awt/Component; @ 24
Event: 25.844 Thread 0x00007ffab1187000 Uncommon trap: reason=unstable_if action=reinterpret pc=0x000000011678d7c0 method=java.net.URL.<init>(Ljava/net/URL;Ljava/lang/String;Ljava/net/URLStreamHandler;)V @ 441
Event: 26.799 Thread 0x00007ffab1187000 Uncommon trap: reason=class_check action=maybe_recompile pc=0x00000001169244e8 method=net.imglib2.AbstractCursorInt.next()Ljava/lang/Object; @ 1
Event: 26.815 Thread 0x00007ffab1187000 Uncommon trap: reason=class_check action=maybe_recompile pc=0x0000000116b03414 method=net.imglib2.img.array.ArrayRandomAccess.fwd(I)V @ 13
Event: 26.815 Thread 0x00007ffab1187000 Uncommon trap: reason=class_check action=maybe_recompile pc=0x0000000116b03414 method=net.imglib2.img.array.ArrayRandomAccess.fwd(I)V @ 13
Event: 26.815 Thread 0x00007ffab1187000 Uncommon trap: reason=class_check action=maybe_recompile pc=0x0000000116b03414 method=net.imglib2.img.array.ArrayRandomAccess.fwd(I)V @ 13
Event: 26.815 Thread 0x00007ffab1187000 Uncommon trap: reason=class_check action=maybe_recompile pc=0x0000000116b03414 method=net.imglib2.img.array.ArrayRandomAccess.fwd(I)V @ 13
Event: 27.249 Thread 0x00007ffab1187000 Uncommon trap: reason=class_check action=maybe_recompile pc=0x00000001169244e8 method=net.imglib2.AbstractCursorInt.next()Ljava/lang/Object; @ 1
Event: 27.262 Thread 0x00007ffab1187000 Uncommon trap: reason=class_check action=maybe_recompile pc=0x00000001169244e8 method=net.imglib2.AbstractCursorInt.next()Ljava/lang/Object; @ 1
Event: 27.269 Thread 0x00007ffab1187000 Uncommon trap: reason=class_check action=maybe_recompile pc=0x00000001169244e8 method=net.imglib2.AbstractCursorInt.next()Ljava/lang/Object; @ 1

Classes redefined (0 events):
No events

Internal exceptions (10 events):
Event: 7.929 Thread 0x00007ffaaeee0000 Implicit null exception at 0x000000011601e478 to 0x000000011601e56d
Event: 7.997 Thread 0x00007ffab1187000 Implicit null exception at 0x0000000116929ddd to 0x000000011692ae19
Event: 13.700 Thread 0x00007ffab1187000 Implicit null exception at 0x0000000116dbc5e3 to 0x0000000116dbea89
Event: 13.701 Thread 0x00007ffaaf034000 Exception <a 'java/lang/NullPointerException'> (0x000000076ad16120) thrown at [/jenkins/workspace/8-2-build-macosx-x86_64/jdk8u241/331/hotspot/src/share/vm/interpreter/linkResolver.cpp, line 1185]
Event: 13.703 Thread 0x00007ffaaf034000 Exception <a 'java/lang/NullPointerException'> (0x000000076ad16328) thrown at [/jenkins/workspace/8-2-build-macosx-x86_64/jdk8u241/331/hotspot/src/share/vm/interpreter/linkResolver.cpp, line 1185]
Event: 13.703 Thread 0x00007ffaaf034000 Exception <a 'java/lang/NullPointerException'> (0x000000076ad16530) thrown at [/jenkins/workspace/8-2-build-macosx-x86_64/jdk8u241/331/hotspot/src/share/vm/interpreter/linkResolver.cpp, line 1185]
Event: 13.703 Thread 0x00007ffaaf034000 Exception <a 'java/lang/NullPointerException'> (0x000000076ad16738) thrown at [/jenkins/workspace/8-2-build-macosx-x86_64/jdk8u241/331/hotspot/src/share/vm/interpreter/linkResolver.cpp, line 1185]
Event: 13.703 Thread 0x00007ffaaf034000 Exception <a 'java/lang/NullPointerException'> (0x000000076ad16940) thrown at [/jenkins/workspace/8-2-build-macosx-x86_64/jdk8u241/331/hotspot/src/share/vm/interpreter/linkResolver.cpp, line 1185]
Event: 14.565 Thread 0x00007ffab1187000 Implicit null exception at 0x0000000117147cca to 0x0000000117147e5d
Event: 22.656 Thread 0x00007ffab1187000 Implicit null exception at 0x00000001170ead40 to 0x00000001170eb7cd

Events (10 events):
Event: 29.401 loading class org/bytedeco/opencv/opencv_video/VariationalRefinement
Event: 29.401 loading class org/bytedeco/opencv/opencv_video/VariationalRefinement done
Event: 29.566 Thread 0x00007ffab1187000 DEOPT PACKING pc=0x0000000117399fc5 sp=0x0000700006586150
Event: 29.566 Thread 0x00007ffab1187000 DEOPT UNPACKING pc=0x0000000115f0d784 sp=0x0000700006585e70 mode 0
Event: 29.574 Thread 0x00007ffab1187000 DEOPT PACKING pc=0x0000000117399778 sp=0x0000700006586220
Event: 29.574 Thread 0x00007ffab1187000 DEOPT UNPACKING pc=0x0000000115f0d784 sp=0x0000700006585f60 mode 0
Event: 29.637 Thread 0x00007ffab1187000 DEOPT PACKING pc=0x000000011739fde3 sp=0x0000700006585f10
Event: 29.637 Thread 0x00007ffab1187000 DEOPT UNPACKING pc=0x0000000115f0d784 sp=0x0000700006585d30 mode 0
Event: 29.836 Executing VM operation: ParallelGCFailedAllocation
Event: 29.840 Executing VM operation: ParallelGCFailedAllocation done


Dynamic libraries:
0x00007fff34d86000 	/System/Library/Frameworks/Cocoa.framework/Versions/A/Cocoa
0x00007fff42563000 	/System/Library/Frameworks/Security.framework/Versions/A/Security
0x00007fff33cf0000 	/System/Library/Frameworks/ApplicationServices.framework/Versions/A/ApplicationServices
0x00007fff6f10e000 	/usr/lib/libz.1.dylib
0x00007fff6cbd2000 	/usr/lib/libSystem.B.dylib
0x00007fff6ea32000 	/usr/lib/libobjc.A.dylib
0x00007fff35c21000 	/System/Library/Frameworks/CoreFoundation.framework/Versions/A/CoreFoundation
0x00007fff382d7000 	/System/Library/Frameworks/Foundation.framework/Versions/C/Foundation
0x00007fff32ee1000 	/System/Library/Frameworks/AppKit.framework/Versions/C/AppKit
0x00007fff3570a000 	/System/Library/Frameworks/CoreData.framework/Versions/A/CoreData
0x00007fff66bf3000 	/System/Library/PrivateFrameworks/UIFoundation.framework/Versions/A/UIFoundation
0x00007fff61ca1000 	/System/Library/PrivateFrameworks/RemoteViewServices.framework/Versions/A/RemoteViewServices
0x00007fff69747000 	/System/Library/PrivateFrameworks/XCTTargetBootstrap.framework/Versions/A/XCTTargetBootstrap
0x00007fff35af5000 	/System/Library/Frameworks/CoreDisplay.framework/Versions/A/CoreDisplay
0x00007fff3b190000 	/System/Library/Frameworks/Metal.framework/Versions/A/Metal
0x00007fff4fcfa000 	/System/Library/PrivateFrameworks/DesktopServicesPriv.framework/Versions/A/DesktopServicesPriv
0x00007fff6dd0f000 	/usr/lib/liblangid.dylib
0x00007fff4ef93000 	/System/Library/PrivateFrameworks/CoreSVG.framework/Versions/A/CoreSVG
0x00007fff64df7000 	/System/Library/PrivateFrameworks/SkyLight.framework/Versions/A/SkyLight
0x00007fff360a2000 	/System/Library/Frameworks/CoreGraphics.framework/Versions/A/CoreGraphics
0x00007fff318b5000 	/System/Library/Frameworks/Accelerate.framework/Versions/A/Accelerate
0x00007fff6efff000 	/usr/lib/libxml2.2.dylib
0x00007fff5ac53000 	/System/Library/PrivateFrameworks/IconServices.framework/Versions/A/IconServices
0x00007fff38ab6000 	/System/Library/Frameworks/IOSurface.framework/Versions/A/IOSurface
0x00007fff6c6fc000 	/usr/lib/libDiagnosticMessagesClient.dylib
0x00007fff4fb54000 	/System/Library/PrivateFrameworks/DFRFoundation.framework/Versions/A/DFRFoundation
0x00007fff6da9e000 	/usr/lib/libicucore.A.dylib
0x00007fff34022000 	/System/Library/Frameworks/AudioToolbox.framework/Versions/A/AudioToolbox
0x00007fff34105000 	/System/Library/Frameworks/AudioUnit.framework/Versions/A/AudioUnit
0x00007fff6cdd4000 	/usr/lib/libauto.dylib
0x00007fff4fbf6000 	/System/Library/PrivateFrameworks/DataDetectorsCore.framework/Versions/A/DataDetectorsCore
0x00007fff348a7000 	/System/Library/Frameworks/Carbon.framework/Versions/A/Frameworks/HIToolbox.framework/Versions/A/HIToolbox
0x00007fff41760000 	/System/Library/Frameworks/QuartzCore.framework/Versions/A/QuartzCore
0x00007fff34be6000 	/System/Library/Frameworks/Carbon.framework/Versions/A/Frameworks/SpeechRecognition.framework/Versions/A/SpeechRecognition
0x00007fff4f66b000 	/System/Library/PrivateFrameworks/CoreUI.framework/Versions/A/CoreUI
0x00007fff35175000 	/System/Library/Frameworks/CoreAudio.framework/Versions/A/CoreAudio
0x00007fff37f9c000 	/System/Library/Frameworks/DiskArbitration.framework/Versions/A/DiskArbitration
0x00007fff5cca0000 	/System/Library/PrivateFrameworks/MultitouchSupport.framework/Versions/A/MultitouchSupport
0x00007fff6d965000 	/usr/lib/libenergytrace.dylib
0x00007fff38a10000 	/System/Library/Frameworks/IOKit.framework/Versions/A/IOKit
0x00007fff37009000 	/System/Library/Frameworks/CoreServices.framework/Versions/A/CoreServices
0x00007fff5ee37000 	/System/Library/PrivateFrameworks/PerformanceAnalysis.framework/Versions/A/PerformanceAnalysis
0x00007fff40793000 	/System/Library/Frameworks/OpenGL.framework/Versions/A/OpenGL
0x00007fff34d94000 	/System/Library/Frameworks/ColorSync.framework/Versions/A/ColorSync
0x00007fff36724000 	/System/Library/Frameworks/CoreImage.framework/Versions/A/CoreImage
0x00007fff37a7b000 	/System/Library/Frameworks/CoreText.framework/Versions/A/CoreText
0x00007fff38b46000 	/System/Library/Frameworks/ImageIO.framework/Versions/A/ImageIO
0x00007fff6ceb8000 	/usr/lib/libc++.1.dylib
0x00007fff6cf34000 	/usr/lib/libcompression.dylib
0x00007fff6ca40000 	/usr/lib/libMobileGestalt.dylib
0x00007fff6696c000 	/System/Library/PrivateFrameworks/TextureIO.framework/Versions/A/TextureIO
0x00007fff6cd37000 	/usr/lib/libate.dylib
0x00007fff5ae5c000 	/System/Library/PrivateFrameworks/InternationalSupport.framework/Versions/A/InternationalSupport
0x00007fff6f9ce000 	/usr/lib/system/libcache.dylib
0x00007fff6f9d4000 	/usr/lib/system/libcommonCrypto.dylib
0x00007fff6f9e0000 	/usr/lib/system/libcompiler_rt.dylib
0x00007fff6f9e8000 	/usr/lib/system/libcopyfile.dylib
0x00007fff6f9f2000 	/usr/lib/system/libcorecrypto.dylib
0x00007fff6fb91000 	/usr/lib/system/libdispatch.dylib
0x00007fff6fbd2000 	/usr/lib/system/libdyld.dylib
0x00007fff6fc09000 	/usr/lib/system/libkeymgr.dylib
0x00007fff6fc17000 	/usr/lib/system/liblaunch.dylib
0x00007fff6fc18000 	/usr/lib/system/libmacho.dylib
0x00007fff6fc1e000 	/usr/lib/system/libquarantine.dylib
0x00007fff6fc21000 	/usr/lib/system/libremovefile.dylib
0x00007fff6fc23000 	/usr/lib/system/libsystem_asl.dylib
0x00007fff6fc3b000 	/usr/lib/system/libsystem_blocks.dylib
0x00007fff6fc3c000 	/usr/lib/system/libsystem_c.dylib
0x00007fff6fcc4000 	/usr/lib/system/libsystem_configuration.dylib
0x00007fff6fcc8000 	/usr/lib/system/libsystem_coreservices.dylib
0x00007fff6fccc000 	/usr/lib/system/libsystem_darwin.dylib
0x00007fff6fcd5000 	/usr/lib/system/libsystem_dnssd.dylib
0x00007fff6fcdd000 	/usr/lib/system/libsystem_featureflags.dylib
0x00007fff6fcdf000 	/usr/lib/system/libsystem_info.dylib
0x00007fff6fd5a000 	/usr/lib/system/libsystem_m.dylib
0x00007fff6fda2000 	/usr/lib/system/libsystem_malloc.dylib
0x00007fff6fdca000 	/usr/lib/system/libsystem_networkextension.dylib
0x00007fff6fdd8000 	/usr/lib/system/libsystem_notify.dylib
0x00007fff6fdf6000 	/usr/lib/system/libsystem_sandbox.dylib
0x00007fff6fdfb000 	/usr/lib/system/libsystem_secinit.dylib
0x00007fff6fd2d000 	/usr/lib/system/libsystem_kernel.dylib
0x00007fff6fde2000 	/usr/lib/system/libsystem_platform.dylib
0x00007fff6fdeb000 	/usr/lib/system/libsystem_pthread.dylib
0x00007fff6fdfe000 	/usr/lib/system/libsystem_symptoms.dylib
0x00007fff6fe06000 	/usr/lib/system/libsystem_trace.dylib
0x00007fff6fe1e000 	/usr/lib/system/libunwind.dylib
0x00007fff6fe24000 	/usr/lib/system/libxpc.dylib
0x00007fff6cf0b000 	/usr/lib/libc++abi.dylib
0x00007fff6dd11000 	/usr/lib/liblzma.5.dylib
0x00007fff6d98c000 	/usr/lib/libfakelink.dylib
0x00007fff6ccc4000 	/usr/lib/libarchive.2.dylib
0x00007fff43613000 	/System/Library/Frameworks/SystemConfiguration.framework/Versions/A/SystemConfiguration
0x00007fff6c62f000 	/usr/lib/libCRFSuite.dylib
0x00007fff34498000 	/System/Library/Frameworks/CFNetwork.framework/Versions/A/CFNetwork
0x00007fff6ce9a000 	/usr/lib/libbsm.0.dylib
0x00007fff6fc0a000 	/usr/lib/system/libkxld.dylib
0x00007fff49529000 	/System/Library/PrivateFrameworks/AppleFSCompression.framework/Versions/A/AppleFSCompression
0x00007fff6d225000 	/usr/lib/libcoretls.dylib
0x00007fff6d23c000 	/usr/lib/libcoretls_cfhelpers.dylib
0x00007fff6ea78000 	/usr/lib/libpam.2.dylib
0x00007fff6ebad000 	/usr/lib/libsqlite3.dylib
0x00007fff6efec000 	/usr/lib/libxar.1.dylib
0x00007fff6ceab000 	/usr/lib/libbz2.1.0.dylib
0x00007fff6d9ad000 	/usr/lib/libiconv.2.dylib
0x00007fff6cf21000 	/usr/lib/libcharset.1.dylib
0x00007fff6e517000 	/usr/lib/libnetwork.dylib
0x00007fff6ea7f000 	/usr/lib/libpcap.A.dylib
0x00007fff6cc79000 	/usr/lib/libapple_nghttp2.dylib
0x00007fff373c0000 	/System/Library/Frameworks/CoreServices.framework/Versions/A/Frameworks/FSEvents.framework/Versions/A/FSEvents
0x00007fff37090000 	/System/Library/Frameworks/CoreServices.framework/Versions/A/Frameworks/CarbonCore.framework/Versions/A/CarbonCore
0x00007fff37603000 	/System/Library/Frameworks/CoreServices.framework/Versions/A/Frameworks/Metadata.framework/Versions/A/Metadata
0x00007fff3769c000 	/System/Library/Frameworks/CoreServices.framework/Versions/A/Frameworks/OSServices.framework/Versions/A/OSServices
0x00007fff376ca000 	/System/Library/Frameworks/CoreServices.framework/Versions/A/Frameworks/SearchKit.framework/Versions/A/SearchKit
0x00007fff3700a000 	/System/Library/Frameworks/CoreServices.framework/Versions/A/Frameworks/AE.framework/Versions/A/AE
0x00007fff373c9000 	/System/Library/Frameworks/CoreServices.framework/Versions/A/Frameworks/LaunchServices.framework/Versions/A/LaunchServices
0x00007fff37372000 	/System/Library/Frameworks/CoreServices.framework/Versions/A/Frameworks/DictionaryServices.framework/Versions/A/DictionaryServices
0x00007fff37732000 	/System/Library/Frameworks/CoreServices.framework/Versions/A/Frameworks/SharedFileList.framework/Versions/A/SharedFileList
0x00007fff3c5b3000 	/System/Library/Frameworks/NetFS.framework/Versions/A/NetFS
0x00007fff5d1cf000 	/System/Library/PrivateFrameworks/NetAuth.framework/Versions/A/NetAuth
0x00007fff69b14000 	/System/Library/PrivateFrameworks/login.framework/Versions/A/Frameworks/loginsupport.framework/Versions/A/loginsupport
0x00007fff66439000 	/System/Library/PrivateFrameworks/TCC.framework/Versions/A/TCC
0x00007fff4e106000 	/System/Library/PrivateFrameworks/CoreNLP.framework/Versions/A/CoreNLP
0x00007fff5c6ce000 	/System/Library/PrivateFrameworks/MetadataUtilities.framework/Versions/A/MetadataUtilities
0x00007fff6dde9000 	/usr/lib/libmecabra.dylib
0x00007fff6dd41000 	/usr/lib/libmecab.dylib
0x00007fff6d99d000 	/usr/lib/libgermantok.dylib
0x00007fff6cc60000 	/usr/lib/libThaiTokenizer.dylib
0x00007fff6c666000 	/usr/lib/libChineseTokenizer.dylib
0x00007fff318cd000 	/System/Library/Frameworks/Accelerate.framework/Versions/A/Frameworks/vImage.framework/Versions/A/vImage
0x00007fff32d37000 	/System/Library/Frameworks/Accelerate.framework/Versions/A/Frameworks/vecLib.framework/Versions/A/vecLib
0x00007fff32c74000 	/System/Library/Frameworks/Accelerate.framework/Versions/A/Frameworks/vecLib.framework/Versions/A/libvMisc.dylib
0x00007fff32a9c000 	/System/Library/Frameworks/Accelerate.framework/Versions/A/Frameworks/vecLib.framework/Versions/A/libvDSP.dylib
0x00007fff31f24000 	/System/Library/Frameworks/Accelerate.framework/Versions/A/Frameworks/vecLib.framework/Versions/A/libBLAS.dylib
0x00007fff32660000 	/System/Library/Frameworks/Accelerate.framework/Versions/A/Frameworks/vecLib.framework/Versions/A/libLAPACK.dylib
0x00007fff329fc000 	/System/Library/Frameworks/Accelerate.framework/Versions/A/Frameworks/vecLib.framework/Versions/A/libLinearAlgebra.dylib
0x00007fff32a89000 	/System/Library/Frameworks/Accelerate.framework/Versions/A/Frameworks/vecLib.framework/Versions/A/libSparseBLAS.dylib
0x00007fff32a12000 	/System/Library/Frameworks/Accelerate.framework/Versions/A/Frameworks/vecLib.framework/Versions/A/libQuadrature.dylib
0x00007fff3218c000 	/System/Library/Frameworks/Accelerate.framework/Versions/A/Frameworks/vecLib.framework/Versions/A/libBNNS.dylib
0x00007fff32a18000 	/System/Library/Frameworks/Accelerate.framework/Versions/A/Frameworks/vecLib.framework/Versions/A/libSparse.dylib
0x00007fff5b244000 	/System/Library/PrivateFrameworks/LanguageModeling.framework/Versions/A/LanguageModeling
0x00007fff4dab6000 	/System/Library/PrivateFrameworks/CoreEmoji.framework/Versions/A/CoreEmoji
0x00007fff5b362000 	/System/Library/PrivateFrameworks/LinguisticData.framework/Versions/A/LinguisticData
0x00007fff5b313000 	/System/Library/PrivateFrameworks/Lexicon.framework/Versions/A/Lexicon
0x00007fff6cf22000 	/usr/lib/libcmph.dylib
0x00007fff3f1a1000 	/System/Library/Frameworks/OpenDirectory.framework/Versions/A/Frameworks/CFOpenDirectory.framework/Versions/A/CFOpenDirectory
0x00007fff3f1be000 	/System/Library/Frameworks/OpenDirectory.framework/Versions/A/OpenDirectory
0x00007fff475de000 	/System/Library/PrivateFrameworks/APFS.framework/Versions/A/APFS
0x00007fff428ad000 	/System/Library/Frameworks/SecurityFoundation.framework/Versions/A/SecurityFoundation
0x00007fff6efe8000 	/usr/lib/libutil.dylib
0x00007fff4efeb000 	/System/Library/PrivateFrameworks/CoreServicesStore.framework/Versions/A/CoreServicesStore
0x00007fff42964000 	/System/Library/Frameworks/ServiceManagement.framework/Versions/A/ServiceManagement
0x00007fff4acf7000 	/System/Library/PrivateFrameworks/BackgroundTaskManagement.framework/Versions/A/BackgroundTaskManagement
0x00007fff6f0e5000 	/usr/lib/libxslt.1.dylib
0x00007fff49b9b000 	/System/Library/PrivateFrameworks/AppleSystemInfo.framework/Versions/A/AppleSystemInfo
0x00007fff38d61000 	/System/Library/Frameworks/ImageIO.framework/Versions/A/Resources/libJPEG.dylib
0x00007fff3901d000 	/System/Library/Frameworks/ImageIO.framework/Versions/A/Resources/libTIFF.dylib
0x00007fff39000000 	/System/Library/Frameworks/ImageIO.framework/Versions/A/Resources/libPng.dylib
0x00007fff38ca3000 	/System/Library/Frameworks/ImageIO.framework/Versions/A/Resources/libGIF.dylib
0x00007fff38ca7000 	/System/Library/Frameworks/ImageIO.framework/Versions/A/Resources/libJP2.dylib
0x00007fff3901b000 	/System/Library/Frameworks/ImageIO.framework/Versions/A/Resources/libRadiance.dylib
0x00007fff6d966000 	/usr/lib/libexpat.1.dylib
0x00007fff49684000 	/System/Library/PrivateFrameworks/AppleJPEG.framework/Versions/A/AppleJPEG
0x00007fff522c6000 	/System/Library/PrivateFrameworks/FontServices.framework/libFontParser.dylib
0x00007fff68b1a000 	/System/Library/PrivateFrameworks/WatchdogClient.framework/Versions/A/WatchdogClient
0x00007fff5a8a0000 	/System/Library/PrivateFrameworks/IOAccelerator.framework/Versions/A/IOAccelerator
0x00007fff3b52b000 	/System/Library/Frameworks/MetalPerformanceShaders.framework/Versions/A/MetalPerformanceShaders
0x00007fff57039000 	/System/Library/PrivateFrameworks/GPUWrangler.framework/Versions/A/GPUWrangler
0x00007fff5a8b5000 	/System/Library/PrivateFrameworks/IOPresentment.framework/Versions/A/IOPresentment
0x00007fff4fb67000 	/System/Library/PrivateFrameworks/DSExternalDisplay.framework/Versions/A/DSExternalDisplay
0x00007fff3fb32000 	/System/Library/Frameworks/OpenGL.framework/Versions/A/Libraries/libCoreFSCache.dylib
0x00007fff3b277000 	/System/Library/Frameworks/MetalPerformanceShaders.framework/Frameworks/MPSCore.framework/Versions/A/MPSCore
0x00007fff3b2b5000 	/System/Library/Frameworks/MetalPerformanceShaders.framework/Frameworks/MPSImage.framework/Versions/A/MPSImage
0x00007fff3b37c000 	/System/Library/Frameworks/MetalPerformanceShaders.framework/Frameworks/MPSNeuralNetwork.framework/Versions/A/MPSNeuralNetwork
0x00007fff3b340000 	/System/Library/Frameworks/MetalPerformanceShaders.framework/Frameworks/MPSMatrix.framework/Versions/A/MPSMatrix
0x00007fff3b4db000 	/System/Library/Frameworks/MetalPerformanceShaders.framework/Frameworks/MPSRayIntersector.framework/Versions/A/MPSRayIntersector
0x00007fff3b366000 	/System/Library/Frameworks/MetalPerformanceShaders.framework/Frameworks/MPSNDArray.framework/Versions/A/MPSNDArray
0x00007fff5c71b000 	/System/Library/PrivateFrameworks/MetalTools.framework/Versions/A/MetalTools
0x00007fff487b1000 	/System/Library/PrivateFrameworks/AggregateDictionary.framework/Versions/A/AggregateDictionary
0x00007fff4d510000 	/System/Library/PrivateFrameworks/CoreAnalytics.framework/Versions/A/CoreAnalytics
0x00007fff49aba000 	/System/Library/PrivateFrameworks/AppleSauce.framework/Versions/A/AppleSauce
0x00007fff6c922000 	/usr/lib/libIOReport.dylib
0x00007fff37c33000 	/System/Library/Frameworks/CoreVideo.framework/Versions/A/CoreVideo
0x00007fff584b3000 	/System/Library/PrivateFrameworks/GraphVisualizer.framework/Versions/A/GraphVisualizer
0x00007fff5181a000 	/System/Library/PrivateFrameworks/FaceCore.framework/Versions/A/FaceCore
0x00007fff3f148000 	/System/Library/Frameworks/OpenCL.framework/Versions/A/OpenCL
0x00007fff6c744000 	/usr/lib/libFosl_dynamic.dylib
0x00007fff5dbe4000 	/System/Library/PrivateFrameworks/OTSVG.framework/Versions/A/OTSVG
0x00007fff33df5000 	/System/Library/Frameworks/ApplicationServices.framework/Versions/A/Frameworks/ATS.framework/Versions/A/Resources/libFontRegistry.dylib
0x00007fff52497000 	/System/Library/PrivateFrameworks/FontServices.framework/libhvf.dylib
0x00007fff3fb3d000 	/System/Library/Frameworks/OpenGL.framework/Versions/A/Libraries/libGFXShared.dylib
0x00007fff3fd1b000 	/System/Library/Frameworks/OpenGL.framework/Versions/A/Libraries/libGLU.dylib
0x00007fff3fb46000 	/System/Library/Frameworks/OpenGL.framework/Versions/A/Libraries/libGL.dylib
0x00007fff3fb51000 	/System/Library/Frameworks/OpenGL.framework/Versions/A/Libraries/libGLImage.dylib
0x00007fff3fb2f000 	/System/Library/Frameworks/OpenGL.framework/Versions/A/Libraries/libCVMSPluginSupport.dylib
0x00007fff3fb38000 	/System/Library/Frameworks/OpenGL.framework/Versions/A/Libraries/libCoreVMClient.dylib
0x00007fff6e3b8000 	/usr/lib/libncurses.5.4.dylib
0x00007fff33cf1000 	/System/Library/Frameworks/ApplicationServices.framework/Versions/A/Frameworks/ATS.framework/Versions/A/ATS
0x00007fff33ebe000 	/System/Library/Frameworks/ApplicationServices.framework/Versions/A/Frameworks/ColorSyncLegacy.framework/Versions/A/ColorSyncLegacy
0x00007fff33f5c000 	/System/Library/Frameworks/ApplicationServices.framework/Versions/A/Frameworks/HIServices.framework/Versions/A/HIServices
0x00007fff33fb4000 	/System/Library/Frameworks/ApplicationServices.framework/Versions/A/Frameworks/LangAnalysis.framework/Versions/A/LangAnalysis
0x00007fff33fc3000 	/System/Library/Frameworks/ApplicationServices.framework/Versions/A/Frameworks/PrintCore.framework/Versions/A/PrintCore
0x00007fff34009000 	/System/Library/Frameworks/ApplicationServices.framework/Versions/A/Frameworks/QD.framework/Versions/A/QD
0x00007fff34014000 	/System/Library/Frameworks/ApplicationServices.framework/Versions/A/Frameworks/SpeechSynthesis.framework/Versions/A/SpeechSynthesis
0x00007fff33e8e000 	/System/Library/Frameworks/ApplicationServices.framework/Versions/A/Frameworks/ATSUI.framework/Versions/A/ATSUI
0x00007fff6d7fa000 	/usr/lib/libcups.2.dylib
0x00007fff3a5c8000 	/System/Library/Frameworks/Kerberos.framework/Versions/A/Kerberos
0x00007fff38709000 	/System/Library/Frameworks/GSS.framework/Versions/A/GSS
0x00007fff6eb39000 	/usr/lib/libresolv.9.dylib
0x00007fff58661000 	/System/Library/PrivateFrameworks/Heimdal.framework/Versions/A/Heimdal
0x00007fff3a5db000 	/System/Library/Frameworks/Kerberos.framework/Versions/A/Libraries/libHeimdalProxy.dylib
0x00007fff6d9a3000 	/usr/lib/libheimdal-asn1.dylib
0x00007fff4c9a9000 	/System/Library/PrivateFrameworks/CommonAuth.framework/Versions/A/CommonAuth
0x00007fff49c38000 	/System/Library/PrivateFrameworks/AssertionServices.framework/Versions/A/AssertionServices
0x00007fff4a7da000 	/System/Library/PrivateFrameworks/AudioToolboxCore.framework/Versions/A/AudioToolboxCore
0x00007fff697c4000 	/System/Library/PrivateFrameworks/caulk.framework/Versions/A/caulk
0x00007fff4ada3000 	/System/Library/PrivateFrameworks/BaseBoard.framework/Versions/A/BaseBoard
0x00007fff61e2f000 	/System/Library/PrivateFrameworks/RunningBoardServices.framework/Versions/A/RunningBoardServices
0x00007fff5ee43000 	/System/Library/PrivateFrameworks/PersistentConnection.framework/Versions/A/PersistentConnection
0x00007fff61829000 	/System/Library/PrivateFrameworks/ProtocolBuffer.framework/Versions/A/ProtocolBuffer
0x00007fff4c9cd000 	/System/Library/PrivateFrameworks/CommonUtilities.framework/Versions/A/CommonUtilities
0x00007fff4af31000 	/System/Library/PrivateFrameworks/Bom.framework/Versions/A/Bom
0x00007fff6c5f5000 	/usr/lib/libAudioToolboxUtility.dylib
0x00007fff4ad01000 	/System/Library/PrivateFrameworks/Backup.framework/Versions/A/Backup
0x00007fff4fa88000 	/System/Library/PrivateFrameworks/CrashReporterSupport.framework/Versions/A/CrashReporterSupport
0x00007fff638bd000 	/System/Library/PrivateFrameworks/Sharing.framework/Versions/A/Sharing
0x00007fff49247000 	/System/Library/PrivateFrameworks/Apple80211.framework/Versions/A/Apple80211
0x00007fff4aa1e000 	/System/Library/PrivateFrameworks/AuthKit.framework/Versions/A/AuthKit
0x00007fff4f798000 	/System/Library/PrivateFrameworks/CoreUtils.framework/Versions/A/CoreUtils
0x00007fff37c78000 	/System/Library/Frameworks/CoreWLAN.framework/Versions/A/CoreWLAN
0x00007fff38896000 	/System/Library/Frameworks/IOBluetooth.framework/Versions/A/IOBluetooth
0x00007fff5ca1f000 	/System/Library/PrivateFrameworks/MobileKeyBag.framework/Versions/A/MobileKeyBag
0x00007fff4e59e000 	/System/Library/PrivateFrameworks/CorePhoneNumbers.framework/Versions/A/CorePhoneNumbers
0x00007fff49637000 	/System/Library/PrivateFrameworks/AppleIDAuthSupport.framework/Versions/A/AppleIDAuthSupport
0x00007fff3c5c0000 	/System/Library/Frameworks/Network.framework/Versions/A/Network
0x00007fff5b0f0000 	/System/Library/PrivateFrameworks/KeychainCircle.framework/Versions/A/KeychainCircle
0x00007fff356d1000 	/System/Library/Frameworks/CoreBluetooth.framework/Versions/A/CoreBluetooth
0x00007fff6593a000 	/System/Library/PrivateFrameworks/SpeechRecognitionCore.framework/Versions/A/SpeechRecognitionCore
0x0000000108600000 	/Library/Java/JavaVirtualMachines/jdk1.8.0_241.jdk/Contents/Home/jre/lib/server/libjvm.dylib
0x00007fff6eebb000 	/usr/lib/libstdc++.6.dylib
0x0000000107d03000 	/Library/Java/JavaVirtualMachines/jdk1.8.0_241.jdk/Contents/Home/jre/lib/libverify.dylib
0x0000000107d11000 	/Library/Java/JavaVirtualMachines/jdk1.8.0_241.jdk/Contents/Home/jre/lib/libjava.dylib
0x0000000107d91000 	/Library/Java/JavaVirtualMachines/jdk1.8.0_241.jdk/Contents/Home/jre/lib/libzip.dylib
0x00000001153a5000 	/Library/Java/JavaVirtualMachines/jdk1.8.0_241.jdk/Contents/Home/jre/lib/libosx.dylib
0x00000001153e7000 	/Library/Java/JavaVirtualMachines/jdk1.8.0_241.jdk/Contents/Home/jre/lib/libosxapp.dylib
0x00007fff3a5b1000 	/System/Library/Frameworks/JavaVM.framework/Versions/A/Frameworks/JavaNativeFoundation.framework/Versions/A/JavaNativeFoundation
0x00007fff3a5ba000 	/System/Library/Frameworks/JavaVM.framework/Versions/A/Frameworks/JavaRuntimeSupport.framework/Versions/A/JavaRuntimeSupport
0x00007fff348a2000 	/System/Library/Frameworks/Carbon.framework/Versions/A/Carbon
0x00007fff38175000 	/System/Library/Frameworks/ExceptionHandling.framework/Versions/A/ExceptionHandling
0x00007fff348a3000 	/System/Library/Frameworks/Carbon.framework/Versions/A/Frameworks/CommonPanels.framework/Versions/A/CommonPanels
0x00007fff34b9c000 	/System/Library/Frameworks/Carbon.framework/Versions/A/Frameworks/Help.framework/Versions/A/Help
0x00007fff34ba0000 	/System/Library/Frameworks/Carbon.framework/Versions/A/Frameworks/ImageCapture.framework/Versions/A/ImageCapture
0x00007fff34ba7000 	/System/Library/Frameworks/Carbon.framework/Versions/A/Frameworks/OpenScripting.framework/Versions/A/OpenScripting
0x00007fff34ba6000 	/System/Library/Frameworks/Carbon.framework/Versions/A/Frameworks/Ink.framework/Versions/A/Ink
0x00007fff34be2000 	/System/Library/Frameworks/Carbon.framework/Versions/A/Frameworks/Print.framework/Versions/A/Print
0x00007fff34be3000 	/System/Library/Frameworks/Carbon.framework/Versions/A/Frameworks/SecurityHI.framework/Versions/A/SecurityHI
0x00007fff3a5c3000 	/System/Library/Frameworks/JavaVM.framework/Versions/A/JavaVM
0x00007fff5af07000 	/System/Library/PrivateFrameworks/JavaLaunching.framework/Versions/A/JavaLaunching
0x00007fff4f53d000 	/System/Library/PrivateFrameworks/CoreSymbolication.framework/Versions/A/CoreSymbolication
0x00007fff4fcbc000 	/System/Library/PrivateFrameworks/DebugSymbols.framework/Versions/A/DebugSymbols
0x000000011583f000 	/Library/Java/JavaVirtualMachines/jdk1.8.0_241.jdk/Contents/Home/jre/lib/libawt.dylib
0x0000000115ae2000 	/Library/Java/JavaVirtualMachines/jdk1.8.0_241.jdk/Contents/Home/jre/lib/libmlib_image.dylib
0x0000000115c7c000 	/Library/Java/JavaVirtualMachines/jdk1.8.0_241.jdk/Contents/Home/jre/lib/libawt_lwawt.dylib
0x00007fff4efb7000 	/System/Library/PrivateFrameworks/CoreServicesInternal.framework/Versions/A/CoreServicesInternal
0x00007fff38194000 	/System/Library/Frameworks/FileProvider.framework/Versions/A/FileProvider
0x00007fff32d38000 	/System/Library/Frameworks/Accounts.framework/Versions/A/Accounts
0x00007fff5735e000 	/System/Library/PrivateFrameworks/GenerationalStorage.framework/Versions/A/GenerationalStorage
0x00007fff6617a000 	/System/Library/PrivateFrameworks/SymptomDiagnosticReporter.framework/Versions/A/SymptomDiagnosticReporter
0x00007fff48d4c000 	/System/Library/PrivateFrameworks/AppContainer.framework/Versions/A/AppContainer
0x00007fff6eb53000 	/usr/lib/libsandbox.1.dylib
0x00007fff67abe000 	/System/Library/PrivateFrameworks/UserManagement.framework/Versions/A/UserManagement
0x00007fff4bae9000 	/System/Library/PrivateFrameworks/ChunkingLibrary.framework/Versions/A/ChunkingLibrary
0x00007fff48dbe000 	/System/Library/PrivateFrameworks/AppSandbox.framework/Versions/A/AppSandbox
0x00007fff63747000 	/System/Library/PrivateFrameworks/SecCodeWrapper.framework/Versions/A/SecCodeWrapper
0x00007fff6ca0a000 	/usr/lib/libMatch.1.dylib
0x00007fff28ca1000 	/System/Library/CoreServices/RawCamera.bundle/Contents/MacOS/RawCamera
0x00007fff5c849000 	/System/Library/PrivateFrameworks/MobileAsset.framework/Versions/A/MobileAsset
0x00007fff66022000 	/System/Library/PrivateFrameworks/StreamingZip.framework/Versions/A/StreamingZip
0x00007fff3aa43000 	/System/Library/Frameworks/MediaToolbox.framework/Versions/A/MediaToolbox
0x00007fff4d4c0000 	/System/Library/PrivateFrameworks/CoreAVCHD.framework/Versions/A/CoreAVCHD
0x00007fff3a96d000 	/System/Library/Frameworks/MediaAccessibility.framework/Versions/A/MediaAccessibility
0x00007fff5bbff000 	/System/Library/PrivateFrameworks/Mangrove.framework/Versions/A/Mangrove
0x00007fff36e40000 	/System/Library/Frameworks/CoreMedia.framework/Versions/A/CoreMedia
0x00007fff5be6b000 	/System/Library/PrivateFrameworks/MediaExperience.framework/Versions/A/MediaExperience
0x00007fff43900000 	/System/Library/Frameworks/VideoToolbox.framework/Versions/A/VideoToolbox
0x00007fff4d0ea000 	/System/Library/PrivateFrameworks/CoreAUC.framework/Versions/A/CoreAUC
0x00007fff6ebab000 	/usr/lib/libspindump.dylib
0x00007fff4a189000 	/System/Library/PrivateFrameworks/AudioResourceArbitration.framework/Versions/A/AudioResourceArbitration
0x00007fff49b9f000 	/System/Library/PrivateFrameworks/AppleVA.framework/Versions/A/AppleVA
0x00007fff318b6000 	/System/Library/Frameworks/Accelerate.framework/Versions/A/Frameworks/vImage.framework/Versions/A/Libraries/libCGInterfaces.dylib
0x0000000115346000 	/usr/lib/libobjc-trampolines.dylib
0x00007fff523fe000 	/System/Library/PrivateFrameworks/FontServices.framework/libTrueTypeScaler.dylib
0x00007fff2e62f000 	/System/Library/Extensions/AppleIntelKBLGraphicsMTLDriver.bundle/Contents/MacOS/AppleIntelKBLGraphicsMTLDriver
0x00007fff55988000 	/System/Library/PrivateFrameworks/GPUCompiler.framework/Versions/3902/Libraries/libmetal_timestamp.dylib
0x00007fff51c44000 	/System/Library/PrivateFrameworks/FamilyControls.framework/Versions/A/FamilyControls
0x00007fff4c99d000 	/System/Library/PrivateFrameworks/CommerceKit.framework/Versions/A/Frameworks/CommerceCore.framework/Versions/A/CommerceCore
0x00007fff661f4000 	/System/Library/PrivateFrameworks/SystemAdministration.framework/Versions/A/SystemAdministration
0x00007fff501d4000 	/System/Library/PrivateFrameworks/DiskManagement.framework/Versions/A/DiskManagement
0x00007fff37ec1000 	/System/Library/Frameworks/DirectoryService.framework/Versions/A/DirectoryService
0x00007fff5010b000 	/System/Library/PrivateFrameworks/DiskImages.framework/Versions/A/DiskImages
0x00007fff5b40b000 	/System/Library/PrivateFrameworks/LoginUIKit.framework/Versions/A/Frameworks/LoginUICore.framework/Versions/A/LoginUICore
0x00007fff6c671000 	/usr/lib/libCoreStorage.dylib
0x00007fff6d7e7000 	/usr/lib/libcsfde.dylib
0x00007fff6ea66000 	/usr/lib/libodfde.dylib
0x00007fff5bef6000 	/System/Library/PrivateFrameworks/MediaKit.framework/Versions/A/MediaKit
0x00007fff37ecd000 	/System/Library/Frameworks/DiscRecording.framework/Versions/A/DiscRecording
0x00007fff50388000 	/System/Library/PrivateFrameworks/EFILogin.framework/Versions/A/EFILogin
0x00007fff617ce000 	/System/Library/PrivateFrameworks/ProtectedCloudStorage.framework/Versions/A/ProtectedCloudStorage
0x00007fff6d85b000 	/usr/lib/libcurl.4.dylib
0x00007fff6d6e0000 	/usr/lib/libcrypto.44.dylib
0x00007fff6ee8b000 	/usr/lib/libssl.46.dylib
0x00007fff3a5dc000 	/System/Library/Frameworks/LDAP.framework/Versions/A/LDAP
0x00007fff66bba000 	/System/Library/PrivateFrameworks/TrustEvaluationAgent.framework/Versions/A/TrustEvaluationAgent
0x00007fff6eb98000 	/usr/lib/libsasl2.2.dylib
0x00007fff4d82a000 	/System/Library/PrivateFrameworks/CoreDaemon.framework/Versions/B/CoreDaemon
0x00007fff49ab5000 	/System/Library/PrivateFrameworks/AppleSRP.framework/Versions/A/AppleSRP
0x00007fff6888a000 	/System/Library/PrivateFrameworks/ViewBridge.framework/Versions/A/ViewBridge
0x00007fff69b17000 	/System/Library/PrivateFrameworks/login.framework/Versions/A/login
0x0000000128e66000 	/Library/Java/JavaVirtualMachines/jdk1.8.0_241.jdk/Contents/Home/jre/lib/libfontmanager.dylib
0x00007fff407a3000 	/System/Library/Frameworks/OpenGL.framework/Versions/A/Resources/GLEngine.bundle/GLEngine
0x00007fff3fb86000 	/System/Library/Frameworks/OpenGL.framework/Versions/A/Libraries/libGLProgrammability.dylib
0x00007fff2d627000 	/System/Library/Extensions/AppleIntelKBLGraphicsGLDriver.bundle/Contents/MacOS/AppleIntelKBLGraphicsGLDriver
0x00007fff5702d000 	/System/Library/PrivateFrameworks/GPUSupport.framework/Versions/A/Libraries/libGPUSupportMercury.dylib
0x00007fff4091d000 	/System/Library/Frameworks/OpenGL.framework/Versions/A/Resources/GLRendererFloat.bundle/GLRendererFloat
0x00007fff3f13f000 	/System/Library/Frameworks/OpenCL.framework/Versions/A/Libraries/libcldcpuengine.dylib
0x0000000115705000 	/Library/Java/JavaVirtualMachines/jdk1.8.0_241.jdk/Contents/Home/jre/lib/libosxui.dylib
0x000000012ae54000 	/Library/Java/JavaVirtualMachines/jdk1.8.0_241.jdk/Contents/Home/jre/lib/libnet.dylib
0x000000012ae6b000 	/Library/Java/JavaVirtualMachines/jdk1.8.0_241.jdk/Contents/Home/jre/lib/libnio.dylib
0x00007fff584df000 	/System/Library/PrivateFrameworks/HDRProcessing.framework/Versions/A/HDRProcessing
0x00000001696cd000 	/Library/Java/JavaVirtualMachines/jdk1.8.0_241.jdk/Contents/Home/jre/lib/libdcpr.dylib
0x00000001888c9000 	/Users/prakash/.javacpp/cache/openblas-0.3.7-1.5.2-macosx-x86_64.jar/org/bytedeco/openblas/macosx-x86_64/libopenblas_nolapack.dylib
0x000000016ae78000 	/Users/prakash/.javacpp/cache/openblas-0.3.7-1.5.2-macosx-x86_64.jar/org/bytedeco/openblas/macosx-x86_64/libjniopenblas_nolapack.dylib
0x000000018e8c2000 	/Users/prakash/.javacpp/cache/openblas-0.3.7-1.5.2-macosx-x86_64.jar/org/bytedeco/openblas/macosx-x86_64/libopenblas.dylib
0x000000018592f000 	/Users/prakash/.javacpp/cache/openblas-0.3.7-1.5.2-macosx-x86_64.jar/org/bytedeco/openblas/macosx-x86_64/libjniopenblas.dylib
0x00000001948bb000 	/Users/prakash/.javacpp/cache/opencv-4.1.2-1.5.2-macosx-x86_64.jar/org/bytedeco/opencv/macosx-x86_64/libopencv_core.4.1.dylib
0x0000000194cb0000 	/Users/prakash/.javacpp/cache/opencv-4.1.2-1.5.2-macosx-x86_64.jar/org/bytedeco/opencv/macosx-x86_64/libopencv_imgproc.4.1.dylib
0x000000018213f000 	/Users/prakash/.javacpp/cache/opencv-4.1.2-1.5.2-macosx-x86_64.jar/org/bytedeco/opencv/macosx-x86_64/libjniopencv_core.dylib
0x00000001951e3000 	/Users/prakash/.javacpp/cache/opencv-4.1.2-1.5.2-macosx-x86_64.jar/org/bytedeco/opencv/macosx-x86_64/libjniopencv_imgproc.dylib
0x0000000195356000 	/Users/prakash/.javacpp/cache/opencv-4.1.2-1.5.2-macosx-x86_64.jar/org/bytedeco/opencv/macosx-x86_64/libopencv_imgcodecs.4.1.dylib
0x000000016ac43000 	/Users/prakash/.javacpp/cache/opencv-4.1.2-1.5.2-macosx-x86_64.jar/org/bytedeco/opencv/macosx-x86_64/libjniopencv_imgcodecs.dylib
0x000000016aee0000 	/Users/prakash/.javacpp/cache/opencv-4.1.2-1.5.2-macosx-x86_64.jar/org/bytedeco/opencv/macosx-x86_64/libopencv_videoio.4.1.dylib
0x00007fff314cd000 	/System/Library/Frameworks/AVFoundation.framework/Versions/A/AVFoundation
0x00007fff316c9000 	/System/Library/Frameworks/AVFoundation.framework/Versions/A/Frameworks/AVFAudio.framework/Versions/A/AVFAudio
0x00007fff36f1d000 	/System/Library/Frameworks/CoreMediaIO.framework/Versions/A/CoreMediaIO
0x00007fff6c5e8000 	/usr/lib/libAudioStatistics.dylib
0x00007fff69b5c000 	/System/Library/PrivateFrameworks/perfdata.framework/Versions/A/perfdata
0x00007fff6eaf5000 	/usr/lib/libperfcheck.dylib
0x00007fff6cae0000 	/usr/lib/libSMC.dylib
0x000000016971f000 	/Users/prakash/.javacpp/cache/opencv-4.1.2-1.5.2-macosx-x86_64.jar/org/bytedeco/opencv/macosx-x86_64/libjniopencv_videoio.dylib
0x0000000169eba000 	/Users/prakash/.javacpp/cache/opencv-4.1.2-1.5.2-macosx-x86_64.jar/org/bytedeco/opencv/macosx-x86_64/libopencv_highgui.4.1.dylib
0x0000000177123000 	/Users/prakash/.javacpp/cache/opencv-4.1.2-1.5.2-macosx-x86_64.jar/org/bytedeco/opencv/macosx-x86_64/libjniopencv_highgui.dylib
0x000000016f16b000 	/Users/prakash/.javacpp/cache/opencv-4.1.2-1.5.2-macosx-x86_64.jar/org/bytedeco/opencv/macosx-x86_64/libopencv_flann.4.1.dylib
0x000000016aeb3000 	/Users/prakash/.javacpp/cache/opencv-4.1.2-1.5.2-macosx-x86_64.jar/org/bytedeco/opencv/macosx-x86_64/libjniopencv_flann.dylib
0x0000000177ff2000 	/Users/prakash/.javacpp/cache/opencv-4.1.2-1.5.2-macosx-x86_64.jar/org/bytedeco/opencv/macosx-x86_64/libopencv_features2d.4.1.dylib
0x000000016f368000 	/Users/prakash/.javacpp/cache/opencv-4.1.2-1.5.2-macosx-x86_64.jar/org/bytedeco/opencv/macosx-x86_64/libjniopencv_features2d.dylib
0x0000000195891000 	/Users/prakash/.javacpp/cache/opencv-4.1.2-1.5.2-macosx-x86_64.jar/org/bytedeco/opencv/macosx-x86_64/libopencv_calib3d.4.1.dylib
0x000000017a163000 	/Users/prakash/.javacpp/cache/opencv-4.1.2-1.5.2-macosx-x86_64.jar/org/bytedeco/opencv/macosx-x86_64/libjniopencv_calib3d.dylib
0x0000000176cd0000 	/Users/prakash/.javacpp/cache/opencv-4.1.2-1.5.2-macosx-x86_64.jar/org/bytedeco/opencv/macosx-x86_64/libopencv_video.4.1.dylib
0x000000016b8be000 	/Users/prakash/.javacpp/cache/opencv-4.1.2-1.5.2-macosx-x86_64.jar/org/bytedeco/opencv/macosx-x86_64/libjniopencv_video.dylib

VM Arguments:
jvm_args: -Dfile.encoding=UTF-8 
java_command: de.csbd.learnathon.command.FlowGuiCommand
java_class_path (initial): /Users/prakash/Git-repos/MyosinPunctaPicker/target/classes:/Users/prakash/.m2/repository/net/imagej/imagej/2.0.0-rc-72/imagej-2.0.0-rc-72.jar:/Users/prakash/.m2/repository/net/imagej/imagej-common/0.31.0/imagej-common-0.31.0.jar:/Users/prakash/.m2/repository/edu/ucar/udunits/4.3.18/udunits-4.3.18.jar:/Users/prakash/.m2/repository/net/imagej/imagej-notebook/0.7.1/imagej-notebook-0.7.1.jar:/Users/prakash/.m2/repository/org/apache/commons/commons-text/1.6/commons-text-1.6.jar:/Users/prakash/.m2/repository/org/knowm/xchart/xchart/3.5.4/xchart-3.5.4.jar:/Users/prakash/.m2/repository/de/erichseifert/vectorgraphics2d/VectorGraphics2D/0.13/VectorGraphics2D-0.13.jar:/Users/prakash/.m2/repository/net/imagej/imagej-ops/0.45.2/imagej-ops-0.45.2.jar:/Users/prakash/.m2/repository/net/imagej/imagej-mesh/0.7.1/imagej-mesh-0.7.1.jar:/Users/prakash/.m2/repository/net/imglib2/imglib2-algorithm-fft/0.2.0/imglib2-algorithm-fft-0.2.0.jar:/Users/prakash/.m2/repository/edu/mines/mines-jtk/20151125/mines-jtk-20151125.jar:/Users/prakash/.m2/repository/org/scijava/parsington/1.0.4/parsington-1.0.4.jar:/Users/prakash/.m2/repository/org/scijava/scripting-javascript/0.4.4/scripting-javascript-0.4.4.jar:/Users/prakash/.m2/repository/org/apache/commons/commons-math3/3.6.1/commons-math3-3.6.1.jar:/Users/prakash/.m2/repository/org/joml/joml/1.9.16/joml-1.9.16.jar:/Users/prakash/.m2/repository/net/imagej/imagej-updater/0.9.3/imagej-updater-0.9.3.jar:/Users/prakash/.m2/repository/io/scif/scifio/0.37.3/scifio-0.37.3.jar:/Users/prakash/.m2/repository/io/scif/scifio-jai-imageio/1.1.1/scifio-jai-imageio-1.1.1.jar:/Users/prakash/.m2/repository/org/scijava/scijava-common/2.82.0/scijava-common-2.82.0.jar:/Users/prakash/.m2/repository/org/bushe/eventbus/1.4/eventbus-1.4.jar:/Users/prakash/.m2/repository/net/imagej/imagej-plugins-batch/0.1.1/imagej-plugins-batch-0.1.1.jar:/Users/prakash/.m2/repository/org/scijava/batch-processor/0.4.1/batch-processor-0.4.1.jar:/Users/prakash/.m2/re
Launcher Type: SUN_STANDARD

Environment Variables:
PATH=/usr/bin:/bin:/usr/sbin:/sbin
SHELL=/bin/zsh
DISPLAY=/private/tmp/com.apple.launchd.Q0n3I0vMPK/org.macosforge.xquartz:0

Signal Handlers:
SIGSEGV: [libjvm.dylib+0x5bd1a7], sa_mask[0]=11111111011111110111111111111111, sa_flags=SA_ONSTACK|SA_RESTART|SA_SIGINFO
SIGBUS: [libjvm.dylib+0x5bd1a7], sa_mask[0]=11111111011111110111111111111111, sa_flags=SA_RESTART|SA_SIGINFO
SIGFPE: [libjvm.dylib+0x48e178], sa_mask[0]=11111111011111110111111111111111, sa_flags=SA_RESTART|SA_SIGINFO
SIGPIPE: [libjvm.dylib+0x48e178], sa_mask[0]=11111111011111110111111111111111, sa_flags=SA_RESTART|SA_SIGINFO
SIGXFSZ: [libjvm.dylib+0x48e178], sa_mask[0]=11111111011111110111111111111111, sa_flags=SA_RESTART|SA_SIGINFO
SIGILL: [libjvm.dylib+0x48e178], sa_mask[0]=11111111011111110111111111111111, sa_flags=SA_RESTART|SA_SIGINFO
SIGUSR1: SIG_DFL, sa_mask[0]=00000000000000000000000000000000, sa_flags=none
SIGUSR2: [libjvm.dylib+0x48dc96], sa_mask[0]=00100000000000000000000000000000, sa_flags=SA_RESTART|SA_SIGINFO
SIGHUP: [libjvm.dylib+0x48c221], sa_mask[0]=11111111011111110111111111111111, sa_flags=SA_RESTART|SA_SIGINFO
SIGINT: [libjvm.dylib+0x48c221], sa_mask[0]=11111111011111110111111111111111, sa_flags=SA_RESTART|SA_SIGINFO
SIGTERM: [libjvm.dylib+0x48c221], sa_mask[0]=11111111011111110111111111111111, sa_flags=SA_RESTART|SA_SIGINFO
SIGQUIT: [libjvm.dylib+0x48c221], sa_mask[0]=11111111011111110111111111111111, sa_flags=SA_RESTART|SA_SIGINFO


---------------  S Y S T E M  ---------------

OS:Bsduname:Darwin 19.4.0 Darwin Kernel Version 19.4.0: Wed Mar  4 22:28:40 PST 2020; root:xnu-6153.101.6~15/RELEASE_X86_64 x86_64
rlimit: STACK 8192k, CORE 0k, NPROC 2784, NOFILE 10240, AS infinity
load average:36.14 23.31 10.01

CPU:total 4 (initial active 4) (2 cores per cpu, 2 threads per core) family 6 model 142 stepping 9, cmov, cx8, fxsr, mmx, sse, sse2, sse3, ssse3, sse4.1, sse4.2, popcnt, avx, avx2, aes, clmul, erms, 3dnowpref, lzcnt, ht, tsc, tscinvbit, bmi1, bmi2, adx

Memory: 4k page, physical 16777216k(1878288k free)

/proc/meminfo:


vm_info: Java HotSpot(TM) 64-Bit Server VM (25.241-b07) for bsd-amd64 JRE (1.8.0_241-b07), built on Dec 11 2019 02:29:59 by "java_re" with gcc 4.2.1 (Based on Apple Inc. build 5658) (LLVM build 2336.11.00)

time: Thu Mar 26 18:03:09 2020
timezone: CET
elapsed time: 29 seconds (0d 0h 0m 29s)

